<?xml version="1.0" encoding="UTF-8"?>
<!-- Generated by org.testng.reporters.JUnitReportReporter -->
<testsuite hostname="Girish-Chavan" name="prm.helloworld" tests="1" failures="0" timestamp="13 Jul 2016 04:41:37 GMT" time="0.013" errors="0">
  <testcase name="testAllLinks" time="0.013" classname="prm.helloworld"/>
</testsuite> <!-- prm.helloworld -->
